<?xml version="1.0" encoding="UTF-8" ?>
<testsuite tests="6" failures="0" name="TestSelectByClass" time="10.128" errors="0" skipped="0">
  <properties>
    <property name="java.runtime.name" value="OpenJDK Runtime Environment"/>
    <property name="java.vm.version" value="11.0.6+8-b520.43"/>
    <property name="sun.boot.library.path" value="E:\ideaUltimate\IntelliJ IDEA 2019.3.4\jbr\bin"/>
    <property name="maven.wagon.http.ssl.insecure" value="true"/>
    <property name="maven.multiModuleProjectDirectory" value="E:\大三上\自动化测试\代码作业-11.21ddl\ClassicAutomatedTesting\Project\code"/>
    <property name="java.vm.vendor" value="JetBrains s.r.o"/>
    <property name="java.vendor.url" value="https://www.jetbrains.com/"/>
    <property name="guice.disable.misplaced.annotation.check" value="true"/>
    <property name="path.separator" value=";"/>
    <property name="java.vm.name" value="OpenJDK 64-Bit Server VM"/>
    <property name="sun.os.patch.level" value=""/>
    <property name="user.script" value=""/>
    <property name="sun.java.launcher" value="SUN_STANDARD"/>
    <property name="user.country" value="CN"/>
    <property name="java.vm.specification.name" value="Java Virtual Machine Specification"/>
    <property name="user.dir" value="E:\大三上\自动化测试\代码作业-11.21ddl\ClassicAutomatedTesting\Project\code"/>
    <property name="java.vm.compressedOopsMode" value="32-bit"/>
    <property name="java.runtime.version" value="11.0.6+8-b520.43"/>
    <property name="java.awt.graphicsenv" value="sun.awt.Win32GraphicsEnvironment"/>
    <property name="os.arch" value="amd64"/>
    <property name="java.io.tmpdir" value="C:\Users\Alphalbj\AppData\Local\Temp\"/>
    <property name="line.separator" value="
"/>
    <property name="java.vm.specification.vendor" value="Oracle Corporation"/>
    <property name="user.variant" value=""/>
    <property name="os.name" value="Windows 10"/>
    <property name="maven.ext.class.path" value="E:\ideaUltimate\IntelliJ IDEA 2019.3.4\plugins\maven\lib\maven-event-listener.jar"/>
    <property name="classworlds.conf" value="E:\tools\apache-maven-3.6.3\bin\m2.conf"/>
    <property name="sun.jnu.encoding" value="GBK"/>
    <property name="java.library.path" value="E:\ideaUltimate\IntelliJ IDEA 2019.3.4\jbr\bin;C:\WINDOWS\Sun\Java\bin;C:\WINDOWS\system32;C:\WINDOWS;C:\Program Files (x86)\Common Files\Oracle\Java\javapath;C:\Program Files (x86)\Intel\iCLS Client\;C:\Program Files\Intel\iCLS Client\;C:\Windows\system32;C:\Windows;C:\Windows\System32\Wbem;C:\Windows\System32\WindowsPowerShell\v1.0\;C:\Program Files (x86)\NVIDIA Corporation\PhysX\Common;C:\Program Files (x86)\Intel\Intel(R) Management Engine Components\DAL;C:\Program Files\Intel\Intel(R) Management Engine Components\DAL;C:\Program Files (x86)\Intel\Intel(R) Management Engine Components\IPT;C:\Program Files\Intel\Intel(R) Management Engine Components\IPT;E:\MinGW\bin;C:\WINDOWS\system32;C:\WINDOWS;C:\WINDOWS\System32\Wbem;C:\WINDOWS\System32\WindowsPowerShell\v1.0\;C:\WINDOWS\System32\OpenSSH\;E:\JDK\bin;E:\JDK\jre\bin;E:\大一下\软件工程与计算 1\Git\Git\cmd;E:\nodejs\;E:\tools\apache-maven-3.6.3\bin\;C:\Program Files\MySQL\MySQL Server 8.0\bin;D:\Scala\bin;D:\Scala\jre\bin;D:\Spark\spark-3.0.1-bin-hadoop2.7\bin;D:\Hadoop\hadoop-2.7.7\bin;D:\Hadoop\hadoop-2.7.7\sbin;D:\NASM\nasm-2.15.05;D:\BvSshClient;E:\大三上\0计算机与操作系统\实验02\ultraedit;E:\graphviz\bin;E:\Pycharm\Scripts\;E:\Pycharm\;E:\MinGW\bin;C:\Users\Alphalbj\AppData\Local\Microsoft\WindowsApps;C:\Users\Alphalbj\AppData\Roaming\npm;C:\Users\Alphalbj\AppData\Local\GitHubDesktop\bin;."/>
    <property name="maven.conf" value="E:\tools\apache-maven-3.6.3/conf"/>
    <property name="jdk.debug" value="release"/>
    <property name="java.class.version" value="55.0"/>
    <property name="java.specification.name" value="Java Platform API Specification"/>
    <property name="sun.management.compiler" value="HotSpot 64-Bit Tiered Compilers"/>
    <property name="idea.version2019.3.4" value="true"/>
    <property name="os.version" value="10.0"/>
    <property name="maven.wagon.http.ssl.allowall" value="true"/>
    <property name="user.home" value="C:\Users\Alphalbj"/>
    <property name="user.timezone" value="Asia/Shanghai"/>
    <property name="java.awt.printerjob" value="sun.awt.windows.WPrinterJob"/>
    <property name="file.encoding" value="UTF-8"/>
    <property name="java.specification.version" value="11"/>
    <property name="user.name" value="Alphalbj"/>
    <property name="java.class.path" value="E:\tools\apache-maven-3.6.3\boot\plexus-classworlds-2.6.0.jar;E:\tools\apache-maven-3.6.3\boot\plexus-classworlds.license"/>
    <property name="java.vm.specification.version" value="11"/>
    <property name="sun.arch.data.model" value="64"/>
    <property name="sun.java.command" value="org.codehaus.classworlds.Launcher -Didea.version2019.3.4 -s E:\tools\apache-maven-3.6.3\conf\settings.xml package"/>
    <property name="java.home" value="E:\ideaUltimate\IntelliJ IDEA 2019.3.4\jbr"/>
    <property name="user.language" value="zh"/>
    <property name="java.specification.vendor" value="Oracle Corporation"/>
    <property name="awt.toolkit" value="sun.awt.windows.WToolkit"/>
    <property name="java.vm.info" value="mixed mode, sharing"/>
    <property name="java.version" value="11.0.6"/>
    <property name="maven.wagon.http.ssl.ignore.validity.dates" value="true"/>
    <property name="java.vendor" value="JetBrains s.r.o"/>
    <property name="maven.home" value="E:\tools\apache-maven-3.6.3"/>
    <property name="file.separator" value="\"/>
    <property name="java.version.date" value="2020-01-14"/>
    <property name="java.vendor.url.bug" value="https://youtrack.jetbrains.com"/>
    <property name="sun.io.unicode.encoding" value="UnicodeLittle"/>
    <property name="sun.cpu.endian" value="little"/>
    <property name="sun.desktop" value="windows"/>
    <property name="sun.cpu.isalist" value="amd64"/>
  </properties>
  <testcase classname="TestSelectByClass" name="test2_DataLogByClass" time="2.822"/>
  <testcase classname="TestSelectByClass" name="test4_NextDayByClass" time="1.618"/>
  <testcase classname="TestSelectByClass" name="test1_ALUByClass" time="1.435"/>
  <testcase classname="TestSelectByClass" name="test3_BinaryHeapByClass" time="1.456"/>
  <testcase classname="TestSelectByClass" name="test5_MoreTriangleByClass" time="1.274"/>
  <testcase classname="TestSelectByClass" name="test0_CMDByClass" time="1.523"/>
</testsuite>